# JRE version: OpenJDK Runtime Environment (11.0.2+9) (build 11.0.2+9)
# Java VM: OpenJDK 64-Bit Server VM (11.0.2+9, mixed mode, tiered, compressed oops, g1 gc, windows-amd64)
Heap:
 garbage-first heap   total 167936K, used 98508K [0x0000000089400000, 0x0000000100000000)
  region size 1024K, 74 young (75776K), 9 survivors (9216K)
 Metaspace       used 71622K, capacity 73779K, committed 73896K, reserved 1114112K
  class space    used 9272K, capacity 10160K, committed 10260K, reserved 1048576K
GC Heap History (10 events):
Event: 10.291 GC heap before
{Heap before GC invocations=9 (full 0):
 garbage-first heap   total 122880K, used 84524K [0x0000000089400000, 0x0000000100000000)
  region size 1024K, 72 young (73728K), 7 survivors (7168K)
 Metaspace       used 49312K, capacity 50636K, committed 50972K, reserved 1093632K
  class space    used 6281K, capacity 6850K, committed 6984K, reserved 1048576K
}
Event: 10.307 GC heap after
{Heap after GC invocations=10 (full 0):
 garbage-first heap   total 167936K, used 22075K [0x0000000089400000, 0x0000000100000000)
  region size 1024K, 8 young (8192K), 8 survivors (8192K)
 Metaspace       used 49312K, capacity 50636K, committed 50972K, reserved 1093632K
  class space    used 6281K, capacity 6850K, committed 6984K, reserved 1048576K
}
Event: 11.776 GC heap before
{Heap before GC invocations=10 (full 0):
 garbage-first heap   total 167936K, used 105019K [0x0000000089400000, 0x0000000100000000)
  region size 1024K, 89 young (91136K), 8 survivors (8192K)
 Metaspace       used 58681K, capacity 60168K, committed 60444K, reserved 1101824K
  class space    used 7561K, capacity 8175K, committed 8264K, reserved 1048576K
}
Event: 11.786 GC heap after
{Heap after GC invocations=11 (full 0):
 garbage-first heap   total 167936K, used 25001K [0x0000000089400000, 0x0000000100000000)
  region size 1024K, 7 young (7168K), 7 survivors (7168K)
 Metaspace       used 58681K, capacity 60168K, committed 60444K, reserved 1101824K
  class space    used 7561K, capacity 8175K, committed 8264K, reserved 1048576K
}
Event: 11.826 GC heap before
{Heap before GC invocations=11 (full 0):
 garbage-first heap   total 167936K, used 27049K [0x0000000089400000, 0x0000000100000000)
  region size 1024K, 10 young (10240K), 7 survivors (7168K)
 Metaspace       used 59057K, capacity 60554K, committed 60636K, reserved 1101824K
  class space    used 7627K, capacity 8240K, committed 8264K, reserved 1048576K
}
Event: 11.834 GC heap after
{Heap after GC invocations=12 (full 0):
 garbage-first heap   total 167936K, used 24824K [0x0000000089400000, 0x0000000100000000)
  region size 1024K, 7 young (7168K), 7 survivors (7168K)
 Metaspace       used 59057K, capacity 60554K, committed 60636K, reserved 1101824K
  class space    used 7627K, capacity 8240K, committed 8264K, reserved 1048576K
}
Event: 15.188 GC heap before
{Heap before GC invocations=13 (full 0):
 garbage-first heap   total 167936K, used 100600K [0x0000000089400000, 0x0000000100000000)
  region size 1024K, 81 young (82944K), 7 survivors (7168K)
 Metaspace       used 63712K, capacity 65435K, committed 65704K, reserved 1105920K
  class space    used 8219K, capacity 8905K, committed 8980K, reserved 1048576K
}
Event: 15.200 GC heap after
{Heap after GC invocations=14 (full 0):
 garbage-first heap   total 167936K, used 27617K [0x0000000089400000, 0x0000000100000000)
  region size 1024K, 6 young (6144K), 6 survivors (6144K)
 Metaspace       used 63712K, capacity 65435K, committed 65704K, reserved 1105920K
  class space    used 8219K, capacity 8905K, committed 8980K, reserved 1048576K
}
Event: 16.589 GC heap before
{Heap before GC invocations=14 (full 0):
 garbage-first heap   total 167936K, used 107489K [0x0000000089400000, 0x0000000100000000)
  region size 1024K, 84 young (86016K), 6 survivors (6144K)
 Metaspace       used 68851K, capacity 70899K, committed 71080K, reserved 1110016K
  class space    used 8898K, capacity 9740K, committed 9748K, reserved 1048576K
}
Event: 16.604 GC heap after
{Heap after GC invocations=15 (full 0):
 garbage-first heap   total 167936K, used 32972K [0x0000000089400000, 0x0000000100000000)
  region size 1024K, 9 young (9216K), 9 survivors (9216K)
 Metaspace       used 68851K, capacity 70899K, committed 71080K, reserved 1110016K
  class space    used 8898K, capacity 9740K, committed 9748K, reserved 1048576K
}

